# JRE version: Java(TM) SE Runtime Environment (8.0_261-b12) (build 1.8.0_261-b12)
# Java VM: Java HotSpot(TM) 64-Bit Server VM (25.261-b12 mixed mode windows-amd64 compressed oops)
Heap:
 PSYoungGen      total 1228288K, used 160578K [0x000000076b800000, 0x00000007c0000000, 0x00000007c0000000)
  eden space 1154048K, 13% used [0x000000076b800000,0x00000007754d0a50,0x00000007b1f00000)
  from space 74240K, 0% used [0x00000007bb500000,0x00000007bb500000,0x00000007bfd80000)
  to   space 115200K, 0% used [0x00000007b1f00000,0x00000007b1f00000,0x00000007b8f80000)
 ParOldGen       total 211456K, used 170221K [0x00000006c2800000, 0x00000006cf680000, 0x000000076b800000)
  object space 211456K, 80% used [0x00000006c2800000,0x00000006cce3b5f8,0x00000006cf680000)
 Metaspace       used 16350K, capacity 16756K, committed 17152K, reserved 1064960K
  class space    used 1798K, capacity 1932K, committed 2048K, reserved 1048576K
GC Heap History (10 events):
Event: 15.996 GC heap before
{Heap before GC invocations=9 (full 0):
 PSYoungGen      total 564736K, used 537923K [0x000000076b800000, 0x0000000792000000, 0x00000007c0000000)
  eden space 500224K, 100% used [0x000000076b800000,0x000000078a080000,0x000000078a080000)
  from space 64512K, 58% used [0x000000078e000000,0x00000007904d0e58,0x0000000791f00000)
  to   space 65024K, 0% used [0x000000078a080000,0x000000078a080000,0x000000078e000000)
 ParOldGen       total 173568K, used 82819K [0x00000006c2800000, 0x00000006cd180000, 0x000000076b800000)
  object space 173568K, 47% used [0x00000006c2800000,0x00000006c78e0ff8,0x00000006cd180000)
 Metaspace       used 15841K, capacity 16194K, committed 16512K, reserved 1064960K
  class space    used 1761K, capacity 1897K, committed 1920K, reserved 1048576K
Event: 16.056 GC heap after
Heap after GC invocations=9 (full 0):
 PSYoungGen      total 565248K, used 55926K [0x000000076b800000, 0x00000007a5300000, 0x00000007c0000000)
  eden space 500224K, 0% used [0x000000076b800000,0x000000076b800000,0x000000078a080000)
  from space 65024K, 86% used [0x000000078a080000,0x000000078d71d9e0,0x000000078e000000)
  to   space 72192K, 0% used [0x00000007a0c80000,0x00000007a0c80000,0x00000007a5300000)
 ParOldGen       total 173568K, used 89202K [0x00000006c2800000, 0x00000006cd180000, 0x000000076b800000)
  object space 173568K, 51% used [0x00000006c2800000,0x00000006c7f1c900,0x00000006cd180000)
 Metaspace       used 15841K, capacity 16194K, committed 16512K, reserved 1064960K
  class space    used 1761K, capacity 1897K, committed 1920K, reserved 1048576K
}
Event: 22.000 GC heap before
{Heap before GC invocations=10 (full 0):
 PSYoungGen      total 565248K, used 556150K [0x000000076b800000, 0x00000007a5300000, 0x00000007c0000000)
  eden space 500224K, 100% used [0x000000076b800000,0x000000078a080000,0x000000078a080000)
  from space 65024K, 86% used [0x000000078a080000,0x000000078d71d9e0,0x000000078e000000)
  to   space 72192K, 0% used [0x00000007a0c80000,0x00000007a0c80000,0x00000007a5300000)
 ParOldGen       total 173568K, used 89202K [0x00000006c2800000, 0x00000006cd180000, 0x000000076b800000)
  object space 173568K, 51% used [0x00000006c2800000,0x00000006c7f1c900,0x00000006cd180000)
 Metaspace       used 16157K, capacity 16514K, committed 16768K, reserved 1064960K
  class space    used 1787K, capacity 1897K, committed 1920K, reserved 1048576K
Event: 22.071 GC heap after
Heap after GC invocations=10 (full 0):
 PSYoungGen      total 866304K, used 59946K [0x000000076b800000, 0x00000007a6000000, 0x00000007c0000000)
  eden space 794112K, 0% used [0x000000076b800000,0x000000076b800000,0x000000079bf80000)
  from space 72192K, 83% used [0x00000007a0c80000,0x00000007a470ab10,0x00000007a5300000)
  to   space 78848K, 0% used [0x000000079bf80000,0x000000079bf80000,0x00000007a0c80000)
 ParOldGen       total 173568K, used 119179K [0x00000006c2800000, 0x00000006cd180000, 0x000000076b800000)
  object space 173568K, 68% used [0x00000006c2800000,0x00000006c9c62fe0,0x00000006cd180000)
 Metaspace       used 16157K, capacity 16514K, committed 16768K, reserved 1064960K
  class space    used 1787K, capacity 1897K, committed 1920K, reserved 1048576K
}
Event: 37.103 GC heap before
{Heap before GC invocations=11 (full 0):
 PSYoungGen      total 866304K, used 854058K [0x000000076b800000, 0x00000007a6000000, 0x00000007c0000000)
  eden space 794112K, 100% used [0x000000076b800000,0x000000079bf80000,0x000000079bf80000)
  from space 72192K, 83% used [0x00000007a0c80000,0x00000007a470ab10,0x00000007a5300000)
  to   space 78848K, 0% used [0x000000079bf80000,0x000000079bf80000,0x00000007a0c80000)
 ParOldGen       total 173568K, used 119179K [0x00000006c2800000, 0x00000006cd180000, 0x000000076b800000)
  object space 173568K, 68% used [0x00000006c2800000,0x00000006c9c62fe0,0x00000006cd180000)
 Metaspace       used 16262K, capacity 16660K, committed 16768K, reserved 1064960K
  class space    used 1790K, capacity 1900K, committed 1920K, reserved 1048576K
Event: 37.133 GC heap after
Heap after GC invocations=11 (full 0):
 PSYoungGen      total 872960K, used 34262K [0x000000076b800000, 0x00000007bfd80000, 0x00000007c0000000)
  eden space 794112K, 0% used [0x000000076b800000,0x000000076b800000,0x000000079bf80000)
  from space 78848K, 43% used [0x000000079bf80000,0x000000079e0f5b58,0x00000007a0c80000)
  to   space 74240K, 0% used [0x00000007bb500000,0x00000007bb500000,0x00000007bfd80000)
 ParOldGen       total 173568K, used 129191K [0x00000006c2800000, 0x00000006cd180000, 0x000000076b800000)
  object space 173568K, 74% used [0x00000006c2800000,0x00000006ca629f18,0x00000006cd180000)
 Metaspace       used 16262K, capacity 16660K, committed 16768K, reserved 1064960K
  class space    used 1790K, capacity 1900K, committed 1920K, reserved 1048576K
}
Event: 39.613 GC heap before
{Heap before GC invocations=12 (full 0):
 PSYoungGen      total 872960K, used 828374K [0x000000076b800000, 0x00000007bfd80000, 0x00000007c0000000)
  eden space 794112K, 100% used [0x000000076b800000,0x000000079bf80000,0x000000079bf80000)
  from space 78848K, 43% used [0x000000079bf80000,0x000000079e0f5b58,0x00000007a0c80000)
  to   space 74240K, 0% used [0x00000007bb500000,0x00000007bb500000,0x00000007bfd80000)
 ParOldGen       total 173568K, used 129191K [0x00000006c2800000, 0x00000006cd180000, 0x000000076b800000)
  object space 173568K, 74% used [0x00000006c2800000,0x00000006ca629f18,0x00000006cd180000)
 Metaspace       used 16350K, capacity 16756K, committed 17152K, reserved 1064960K
  class space    used 1798K, capacity 1932K, committed 2048K, reserved 1048576K
Event: 39.712 GC heap after
Heap after GC invocations=12 (full 0):
 PSYoungGen      total 1228288K, used 74220K [0x000000076b800000, 0x00000007c0000000, 0x00000007c0000000)
  eden space 1154048K, 0% used [0x000000076b800000,0x000000076b800000,0x00000007b1f00000)
  from space 74240K, 99% used [0x00000007bb500000,0x00000007bfd7b0d8,0x00000007bfd80000)
  to   space 115200K, 0% used [0x00000007b1f00000,0x00000007b1f00000,0x00000007b8f80000)
 ParOldGen       total 211456K, used 210693K [0x00000006c2800000, 0x00000006cf680000, 0x000000076b800000)
  object space 211456K, 99% used [0x00000006c2800000,0x00000006cf5c16c0,0x00000006cf680000)
 Metaspace       used 16350K, capacity 16756K, committed 17152K, reserved 1064960K
  class space    used 1798K, capacity 1932K, committed 2048K, reserved 1048576K
}
Event: 39.712 GC heap before
{Heap before GC invocations=13 (full 1):
 PSYoungGen      total 1228288K, used 74220K [0x000000076b800000, 0x00000007c0000000, 0x00000007c0000000)
  eden space 1154048K, 0% used [0x000000076b800000,0x000000076b800000,0x00000007b1f00000)
  from space 74240K, 99% used [0x00000007bb500000,0x00000007bfd7b0d8,0x00000007bfd80000)
  to   space 115200K, 0% used [0x00000007b1f00000,0x00000007b1f00000,0x00000007b8f80000)
 ParOldGen       total 211456K, used 210693K [0x00000006c2800000, 0x00000006cf680000, 0x000000076b800000)
  object space 211456K, 99% used [0x00000006c2800000,0x00000006cf5c16c0,0x00000006cf680000)
 Metaspace       used 16350K, capacity 16756K, committed 17152K, reserved 1064960K
  class space    used 1798K, capacity 1932K, committed 2048K, reserved 1048576K
Event: 40.222 GC heap after
Heap after GC invocations=13 (full 1):
 PSYoungGen      total 1228288K, used 0K [0x000000076b800000, 0x00000007c0000000, 0x00000007c0000000)
  eden space 1154048K, 0% used [0x000000076b800000,0x000000076b800000,0x00000007b1f00000)
  from space 74240K, 0% used [0x00000007bb500000,0x00000007bb500000,0x00000007bfd80000)
  to   space 115200K, 0% used [0x00000007b1f00000,0x00000007b1f00000,0x00000007b8f80000)
 ParOldGen       total 211456K, used 170221K [0x00000006c2800000, 0x00000006cf680000, 0x000000076b800000)
  object space 211456K, 80% used [0x00000006c2800000,0x00000006cce3b5f8,0x00000006cf680000)
 Metaspace       used 16350K, capacity 16756K, committed 17152K, reserved 1064960K
  class space    used 1798K, capacity 1932K, committed 2048K, reserved 1048576K
}

