# JRE version: Java(TM) SE Runtime Environment (8.0_161-b12) (build 1.8.0_161-b12)
# Java VM: Java HotSpot(TM) 64-Bit Server VM (25.161-b12 mixed mode bsd-amd64 compressed oops)
Heap:
 PSYoungGen      total 278016K, used 87542K [0x00000007aab00000, 0x00000007c0000000, 0x00000007c0000000)
  eden space 209920K, 22% used [0x00000007aab00000,0x00000007ad83a170,0x00000007b7800000)
  from space 68096K, 60% used [0x00000007bb980000,0x00000007be1c37f8,0x00000007bfc00000)
  to   space 67072K, 0% used [0x00000007b7800000,0x00000007b7800000,0x00000007bb980000)
 ParOldGen       total 196096K, used 82046K [0x0000000780000000, 0x000000078bf80000, 0x00000007aab00000)
  object space 196096K, 41% used [0x0000000780000000,0x000000078501f9e8,0x000000078bf80000)
 Metaspace       used 54720K, capacity 58470K, committed 58800K, reserved 1099776K
  class space    used 7557K, capacity 8526K, committed 8624K, reserved 1048576K
GC Heap History (10 events):
Event: 1144.325 GC heap before
{Heap before GC invocations=59 (full 3):
 PSYoungGen      total 285696K, used 260082K [0x00000007aab00000, 0x00000007c0000000, 0x00000007c0000000)
  eden space 222208K, 100% used [0x00000007aab00000,0x00000007b8400000,0x00000007b8400000)
  from space 63488K, 59% used [0x00000007b8400000,0x00000007ba8fcb08,0x00000007bc200000)
  to   space 63488K, 0% used [0x00000007bc200000,0x00000007bc200000,0x00000007c0000000)
 ParOldGen       total 196096K, used 80750K [0x0000000780000000, 0x000000078bf80000, 0x00000007aab00000)
  object space 196096K, 41% used [0x0000000780000000,0x0000000784edb9a8,0x000000078bf80000)
 Metaspace       used 54674K, capacity 58470K, committed 58800K, reserved 1099776K
  class space    used 7557K, capacity 8526K, committed 8624K, reserved 1048576K
Event: 1144.377 GC heap after
Heap after GC invocations=59 (full 3):
 PSYoungGen      total 274432K, used 54363K [0x00000007aab00000, 0x00000007c0000000, 0x00000007c0000000)
  eden space 210944K, 0% used [0x00000007aab00000,0x00000007aab00000,0x00000007b7900000)
  from space 63488K, 85% used [0x00000007bc200000,0x00000007bf716fb8,0x00000007c0000000)
  to   space 69120K, 0% used [0x00000007b7900000,0x00000007b7900000,0x00000007bbc80000)
 ParOldGen       total 196096K, used 80822K [0x0000000780000000, 0x000000078bf80000, 0x00000007aab00000)
  object space 196096K, 41% used [0x0000000780000000,0x0000000784eed9a8,0x000000078bf80000)
 Metaspace       used 54674K, capacity 58470K, committed 58800K, reserved 1099776K
  class space    used 7557K, capacity 8526K, committed 8624K, reserved 1048576K
}
Event: 1149.466 GC heap before
{Heap before GC invocations=60 (full 3):
 PSYoungGen      total 274432K, used 265307K [0x00000007aab00000, 0x00000007c0000000, 0x00000007c0000000)
  eden space 210944K, 100% used [0x00000007aab00000,0x00000007b7900000,0x00000007b7900000)
  from space 63488K, 85% used [0x00000007bc200000,0x00000007bf716fb8,0x00000007c0000000)
  to   space 69120K, 0% used [0x00000007b7900000,0x00000007b7900000,0x00000007bbc80000)
 ParOldGen       total 196096K, used 80822K [0x0000000780000000, 0x000000078bf80000, 0x00000007aab00000)
  object space 196096K, 41% used [0x0000000780000000,0x0000000784eed9a8,0x000000078bf80000)
 Metaspace       used 54717K, capacity 58470K, committed 58800K, reserved 1099776K
  class space    used 7557K, capacity 8526K, committed 8624K, reserved 1048576K
Event: 1149.512 GC heap after
Heap after GC invocations=60 (full 3):
 PSYoungGen      total 258048K, used 46656K [0x00000007aab00000, 0x00000007c0000000, 0x00000007c0000000)
  eden space 210944K, 0% used [0x00000007aab00000,0x00000007aab00000,0x00000007b7900000)
  from space 47104K, 99% used [0x00000007b7900000,0x00000007ba690278,0x00000007ba700000)
  to   space 70656K, 0% used [0x00000007bbb00000,0x00000007bbb00000,0x00000007c0000000)
 ParOldGen       total 196096K, used 81990K [0x0000000780000000, 0x000000078bf80000, 0x00000007aab00000)
  object space 196096K, 41% used [0x0000000780000000,0x00000007850119e8,0x000000078bf80000)
 Metaspace       used 54717K, capacity 58470K, committed 58800K, reserved 1099776K
  class space    used 7557K, capacity 8526K, committed 8624K, reserved 1048576K
}
Event: 1152.948 GC heap before
{Heap before GC invocations=61 (full 3):
 PSYoungGen      total 258048K, used 257600K [0x00000007aab00000, 0x00000007c0000000, 0x00000007c0000000)
  eden space 210944K, 100% used [0x00000007aab00000,0x00000007b7900000,0x00000007b7900000)
  from space 47104K, 99% used [0x00000007b7900000,0x00000007ba690278,0x00000007ba700000)
  to   space 70656K, 0% used [0x00000007bbb00000,0x00000007bbb00000,0x00000007c0000000)
 ParOldGen       total 196096K, used 81990K [0x0000000780000000, 0x000000078bf80000, 0x00000007aab00000)
  object space 196096K, 41% used [0x0000000780000000,0x00000007850119e8,0x000000078bf80000)
 Metaspace       used 54717K, capacity 58470K, committed 58800K, reserved 1099776K
  class space    used 7557K, capacity 8526K, committed 8624K, reserved 1048576K
Event: 1152.986 GC heap after
Heap after GC invocations=61 (full 3):
 PSYoungGen      total 279552K, used 41358K [0x00000007aab00000, 0x00000007c0000000, 0x00000007c0000000)
  eden space 208896K, 0% used [0x00000007aab00000,0x00000007aab00000,0x00000007b7700000)
  from space 70656K, 58% used [0x00000007bbb00000,0x00000007be363a98,0x00000007c0000000)
  to   space 69632K, 0% used [0x00000007b7700000,0x00000007b7700000,0x00000007bbb00000)
 ParOldGen       total 196096K, used 82022K [0x0000000780000000, 0x000000078bf80000, 0x00000007aab00000)
  object space 196096K, 41% used [0x0000000780000000,0x00000007850199e8,0x000000078bf80000)
 Metaspace       used 54717K, capacity 58470K, committed 58800K, reserved 1099776K
  class space    used 7557K, capacity 8526K, committed 8624K, reserved 1048576K
}
Event: 1157.902 GC heap before
{Heap before GC invocations=62 (full 3):
 PSYoungGen      total 279552K, used 250254K [0x00000007aab00000, 0x00000007c0000000, 0x00000007c0000000)
  eden space 208896K, 100% used [0x00000007aab00000,0x00000007b7700000,0x00000007b7700000)
  from space 70656K, 58% used [0x00000007bbb00000,0x00000007be363a98,0x00000007c0000000)
  to   space 69632K, 0% used [0x00000007b7700000,0x00000007b7700000,0x00000007bbb00000)
 ParOldGen       total 196096K, used 82022K [0x0000000780000000, 0x000000078bf80000, 0x00000007aab00000)
  object space 196096K, 41% used [0x0000000780000000,0x00000007850199e8,0x000000078bf80000)
 Metaspace       used 54718K, capacity 58470K, committed 58800K, reserved 1099776K
  class space    used 7557K, capacity 8526K, committed 8624K, reserved 1048576K
Event: 1157.940 GC heap after
Heap after GC invocations=62 (full 3):
 PSYoungGen      total 248832K, used 39840K [0x00000007aab00000, 0x00000007bfc00000, 0x00000007c0000000)
  eden space 208896K, 0% used [0x00000007aab00000,0x00000007aab00000,0x00000007b7700000)
  from space 39936K, 99% used [0x00000007b7700000,0x00000007b9de8020,0x00000007b9e00000)
  to   space 68096K, 0% used [0x00000007bb980000,0x00000007bb980000,0x00000007bfc00000)
 ParOldGen       total 196096K, used 82046K [0x0000000780000000, 0x000000078bf80000, 0x00000007aab00000)
  object space 196096K, 41% used [0x0000000780000000,0x000000078501f9e8,0x000000078bf80000)
 Metaspace       used 54718K, capacity 58470K, committed 58800K, reserved 1099776K
  class space    used 7557K, capacity 8526K, committed 8624K, reserved 1048576K
}
Event: 1160.918 GC heap before
{Heap before GC invocations=63 (full 3):
 PSYoungGen      total 248832K, used 248736K [0x00000007aab00000, 0x00000007bfc00000, 0x00000007c0000000)
  eden space 208896K, 100% used [0x00000007aab00000,0x00000007b7700000,0x00000007b7700000)
  from space 39936K, 99% used [0x00000007b7700000,0x00000007b9de8020,0x00000007b9e00000)
  to   space 68096K, 0% used [0x00000007bb980000,0x00000007bb980000,0x00000007bfc00000)
 ParOldGen       total 196096K, used 82046K [0x0000000780000000, 0x000000078bf80000, 0x00000007aab00000)
  object space 196096K, 41% used [0x0000000780000000,0x000000078501f9e8,0x000000078bf80000)
 Metaspace       used 54720K, capacity 58470K, committed 58800K, reserved 1099776K
  class space    used 7557K, capacity 8526K, committed 8624K, reserved 1048576K
Event: 1160.951 GC heap after
Heap after GC invocations=63 (full 3):
 PSYoungGen      total 278016K, used 41229K [0x00000007aab00000, 0x00000007c0000000, 0x00000007c0000000)
  eden space 209920K, 0% used [0x00000007aab00000,0x00000007aab00000,0x00000007b7800000)
  from space 68096K, 60% used [0x00000007bb980000,0x00000007be1c37f8,0x00000007bfc00000)
  to   space 67072K, 0% used [0x00000007b7800000,0x00000007b7800000,0x00000007bb980000)
 ParOldGen       total 196096K, used 82046K [0x0000000780000000, 0x000000078bf80000, 0x00000007aab00000)
  object space 196096K, 41% used [0x0000000780000000,0x000000078501f9e8,0x000000078bf80000)
 Metaspace       used 54720K, capacity 58470K, committed 58800K, reserved 1099776K
  class space    used 7557K, capacity 8526K, committed 8624K, reserved 1048576K
}

